[debug] [2024-01-20T09:40:58.854Z] ----------------------------------------------------------------------
[debug] [2024-01-20T09:40:58.858Z] Command:       /usr/local/Cellar/node/19.0.1/bin/node /usr/local/bin/firebase init
[debug] [2024-01-20T09:40:58.858Z] CLI Version:   13.0.3
[debug] [2024-01-20T09:40:58.861Z] Platform:      darwin
[debug] [2024-01-20T09:40:58.861Z] Node Version:  v19.0.1
[debug] [2024-01-20T09:40:58.861Z] Time:          Sat Jan 20 2024 20:40:58 GMT+1100 (Australian Eastern Daylight Time)
[debug] [2024-01-20T09:40:58.861Z] ----------------------------------------------------------------------
[debug] 
[debug] [2024-01-20T09:40:58.864Z] >>> [apiv2][query] GET https://firebase-public.firebaseio.com/cli.json [none]
[debug] [2024-01-20T09:40:58.890Z] > command requires scopes: ["email","openid","https://www.googleapis.com/auth/cloudplatformprojects.readonly","https://www.googleapis.com/auth/firebase","https://www.googleapis.com/auth/cloud-platform"]
[debug] [2024-01-20T09:40:58.890Z] > authorizing via signed-in user (luluxixi420@gmail.com)
[info] 
     ######## #### ########  ######## ########     ###     ######  ########
     ##        ##  ##     ## ##       ##     ##  ##   ##  ##       ##
     ######    ##  ########  ######   ########  #########  ######  ######
     ##        ##  ##    ##  ##       ##     ## ##     ##       ## ##
     ##       #### ##     ## ######## ########  ##     ##  ######  ########

You're about to initialize a Firebase project in this directory:

  /Users/lucylu/Desktop/projects/expense-tracker

[debug] [2024-01-20T09:41:00.033Z] <<< [apiv2][status] GET https://firebase-public.firebaseio.com/cli.json 200
[debug] [2024-01-20T09:41:00.034Z] <<< [apiv2][body] GET https://firebase-public.firebaseio.com/cli.json {"cloudBuildErrorAfter":1594252800000,"cloudBuildWarnAfter":1590019200000,"defaultNode10After":1594252800000,"minVersion":"3.0.5","node8DeploysDisabledAfter":1613390400000,"node8RuntimeDisabledAfter":1615809600000,"node8WarnAfter":1600128000000}
[info] 
=== Project Setup
[info] 
[info] First, let's associate this project directory with a Firebase project.
[info] You can create multiple project aliases by running firebase use --add, 
[info] but for now we'll just set up a default project.
[info] 
[debug] [2024-01-20T09:42:37.048Z] > refreshing access token with scopes: []
[debug] [2024-01-20T09:42:37.049Z] >>> [apiv2][query] POST https://www.googleapis.com/oauth2/v3/token [none]
[debug] [2024-01-20T09:42:37.049Z] >>> [apiv2][body] POST https://www.googleapis.com/oauth2/v3/token [omitted]
[debug] [2024-01-20T09:42:37.487Z] <<< [apiv2][status] POST https://www.googleapis.com/oauth2/v3/token 200
[debug] [2024-01-20T09:42:37.487Z] <<< [apiv2][body] POST https://www.googleapis.com/oauth2/v3/token [omitted]
[debug] [2024-01-20T09:42:37.526Z] >>> [apiv2][query] GET https://firebase.googleapis.com/v1beta1/projects pageSize=100
[debug] [2024-01-20T09:42:38.527Z] <<< [apiv2][status] GET https://firebase.googleapis.com/v1beta1/projects 200
[debug] [2024-01-20T09:42:38.527Z] <<< [apiv2][body] GET https://firebase.googleapis.com/v1beta1/projects [omitted]
[info] i  Using project expense-tracker-a6a67 (expense-tracker) 
[info] 
=== Hosting Setup
[debug] [2024-01-20T09:43:11.243Z] >>> [apiv2][query] GET https://firebase.googleapis.com/v1beta1/projects/expense-tracker-a6a67 [none]
[debug] [2024-01-20T09:43:11.892Z] <<< [apiv2][status] GET https://firebase.googleapis.com/v1beta1/projects/expense-tracker-a6a67 200
[debug] [2024-01-20T09:43:11.892Z] <<< [apiv2][body] GET https://firebase.googleapis.com/v1beta1/projects/expense-tracker-a6a67 {"projectId":"expense-tracker-a6a67","projectNumber":"394100378942","displayName":"expense-tracker","name":"projects/expense-tracker-a6a67","resources":{"hostingSite":"expense-tracker-a6a67"},"state":"ACTIVE","etag":"1_7028d9d6-38bf-440e-a2cd-b719037dd282"}
[info] 
[info] Your public directory is the folder (relative to your project directory) that
[info] will contain Hosting assets to be uploaded with firebase deploy. If you
[info] have a build process for your assets, use your build's output directory.
[info] 
[info] ✔  Wrote public/404.html 
[debug] [2024-01-20T09:43:43.965Z] >>> [apiv2][query] GET https://www.gstatic.com/firebasejs/releases.json [none]
[debug] [2024-01-20T09:43:44.565Z] <<< [apiv2][status] GET https://www.gstatic.com/firebasejs/releases.json 200
[debug] [2024-01-20T09:43:44.565Z] <<< [apiv2][body] GET https://www.gstatic.com/firebasejs/releases.json {"current":{"version":"10.7.2","browserURL":"https://www.gstatic.com/firebasejs/10.7.2/firebase.js","packageURL":"https://www.gstatic.com/firebasejs/10.7.2/firebase.tgz"},"live":{"version":"10.7","browserURL":"https://www.gstatic.com/firebasejs/live/10.7/firebase.js","packageURL":"https://www.gstatic.com/firebasejs/live/10.7/firebase.tgz"},"components":{"analytics":"https://www.gstatic.com/firebasejs/10.7.2/firebase-analytics.js","app":"https://www.gstatic.com/firebasejs/10.7.2/firebase-app.js","app-check":"https://www.gstatic.com/firebasejs/10.7.2/firebase-app-check.js","auth":"https://www.gstatic.com/firebasejs/10.7.2/firebase-auth.js","auth/cordova":"https://www.gstatic.com/firebasejs/10.7.2/firebase-auth/cordova.js","functions":"https://www.gstatic.com/firebasejs/10.7.2/firebase-functions.js","firestore":"https://www.gstatic.com/firebasejs/10.7.2/firebase-firestore.js","firestore/lite":"https://www.gstatic.com/firebasejs/10.7.2/firebase-firestore/lite.js","installations":"https://www.gstatic.com/firebasejs/10.7.2/firebase-installations.js","storage":"https://www.gstatic.com/firebasejs/10.7.2/firebase-storage.js","performance":"https://www.gstatic.com/firebasejs/10.7.2/firebase-performance.js","remote-config":"https://www.gstatic.com/firebasejs/10.7.2/firebase-remote-config.js","messaging":"https://www.gstatic.com/firebasejs/10.7.2/firebase-messaging.js","messaging/sw":"https://www.gstatic.com/firebasejs/10.7.2/firebase-messaging/sw.js","database":"https://www.gstatic.com/firebasejs/10.7.2/firebase-database.js","firestore.memory":"https://www.gstatic.com/firebasejs/10.7.2/firebase-firestore.memory.js"}}
[info] i  Skipping write of public/index.html 
[info] 
[info] i  Detected a .git folder at /Users/lucylu/Desktop/projects/expense-tracker 
[info] i  Authorizing with GitHub to upload your service account to a GitHub repository's secrets store. 
[info] 
[info] Visit this URL on this device to log in:
[info] https://github.com/login/oauth/authorize?client_id=89cf50f02ac6aaed3484&state=615312557&redirect_uri=http%3A%2F%2Flocalhost%3A9005&scope=read%3Auser%20repo%20public_repo
[info] 
[info] Waiting for authentication...
[debug] [2024-01-20T09:45:14.692Z] >>> [apiv2][query] POST https://github.com/login/oauth/access_token [none]
[debug] [2024-01-20T09:45:14.692Z] >>> [apiv2][body] POST https://github.com/login/oauth/access_token [stream]
[debug] [2024-01-20T09:45:15.468Z] <<< [apiv2][status] POST https://github.com/login/oauth/access_token 200
[debug] [2024-01-20T09:45:15.468Z] <<< [apiv2][body] POST https://github.com/login/oauth/access_token {"access_token":"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","token_type":"bearer","scope":"read:user,repo"}
[debug] [2024-01-20T09:45:15.482Z] >>> [apiv2][query] GET https://api.github.com/user [none]
[debug] [2024-01-20T09:45:15.991Z] <<< [apiv2][status] GET https://api.github.com/user 200
[debug] [2024-01-20T09:45:15.991Z] <<< [apiv2][body] GET https://api.github.com/user {"login":"xilu6510","id":55574972,"node_id":"MDQ6VXNlcjU1NTc0OTcy","avatar_url":"https://avatars.githubusercontent.com/u/55574972?v=4","gravatar_id":"","url":"https://api.github.com/users/xilu6510","html_url":"https://github.com/xilu6510","followers_url":"https://api.github.com/users/xilu6510/followers","following_url":"https://api.github.com/users/xilu6510/following{/other_user}","gists_url":"https://api.github.com/users/xilu6510/gists{/gist_id}","starred_url":"https://api.github.com/users/xilu6510/starred{/owner}{/repo}","subscriptions_url":"https://api.github.com/users/xilu6510/subscriptions","organizations_url":"https://api.github.com/users/xilu6510/orgs","repos_url":"https://api.github.com/users/xilu6510/repos","events_url":"https://api.github.com/users/xilu6510/events{/privacy}","received_events_url":"https://api.github.com/users/xilu6510/received_events","type":"User","site_admin":false,"name":"Lucy Lu","company":null,"blog":"","location":null,"email":null,"hireable":null,"bio":"A beginner trying to be a coding pro","twitter_username":null,"public_repos":1,"public_gists":0,"followers":0,"following":0,"created_at":"2019-09-20T06:32:32Z","updated_at":"2024-01-18T11:30:49Z","private_gists":0,"total_private_repos":4,"owned_private_repos":4,"disk_usage":52789,"collaborators":0,"two_factor_authentication":false,"plan":{"name":"free","space":976562499,"collaborators":0,"private_repos":10000}}
[info] 
[info] ✔  Success! Logged into GitHub as xilu6510 
[info] 
